Content-Type: text/plain; charset="utf-8"
MIME-Version: 1.0
Content-Transfer-Encoding: 8bit
Subject: Password reset on 127.0.0.1:8000
From: webmaster@localhost
To: adam.mcelroy15@gmail.com
Date: Thu, 13 Jul 2023 09:47:09 -0000
Message-ID: <168924162948.6488.10791012029806698021@DESKTOP-A0JFS84.home>


You're receiving this email because you requested a password reset for your user account at 127.0.0.1:8000.

Please go to the following page and choose a new password:

http://127.0.0.1:8000/accounts/reset/MQ/br9val-858d73c0ddc5db7ff3deb4ab4e7e318e/

Your username, in case you’ve forgotten: adamj

Thanks for using our site!

The 127.0.0.1:8000 team



-------------------------------------------------------------------------------
Content-Type: text/plain; charset="utf-8"
MIME-Version: 1.0
Content-Transfer-Encoding: 8bit
Subject: Password reset on 127.0.0.1:8000
From: webmaster@localhost
To: adam.mcelroy15@gmail.com
Date: Thu, 13 Jul 2023 09:47:09 -0000
Message-ID: <168924162948.6488.3483046852942567856@DESKTOP-A0JFS84.home>


You're receiving this email because you requested a password reset for your user account at 127.0.0.1:8000.

Please go to the following page and choose a new password:

http://127.0.0.1:8000/accounts/reset/Mg/br9val-5073536e48f3c5f1d52d8fd8ace59fe4/

Your username, in case you’ve forgotten: adam

Thanks for using our site!

The 127.0.0.1:8000 team



-------------------------------------------------------------------------------
